<?xml version="1.0" encoding="UTF-8"?>
<testng-results skipped="4" failed="1" total="6" passed="1">
  <reporter-output>
  </reporter-output>
  <suite name="Default suite" duration-ms="41001" started-at="2016-10-31T10:15:38Z" finished-at="2016-10-31T10:16:19Z">
    <groups>
    </groups>
    <test name="Default test" duration-ms="41001" started-at="2016-10-31T10:15:38Z" finished-at="2016-10-31T10:16:19Z">
      <class name="assessment.EmailVerificationTest">
        <test-method status="PASS" signature="setUp()[pri:0, instance:assessment.EmailVerificationTest@239963d8]" name="setUp" is-config="true" duration-ms="3093" started-at="2016-10-31T12:15:38Z" finished-at="2016-10-31T12:15:41Z">
          <reporter-output>
          </reporter-output>
        </test-method> <!-- setUp -->
        <test-method status="FAIL" signature="EmailTest(java.lang.String, java.lang.String, java.lang.String, java.lang.String)[pri:0, instance:assessment.EmailVerificationTest@239963d8]" name="EmailTest" duration-ms="10898" started-at="2016-10-31T12:15:41Z" data-provider="EmailVerification" finished-at="2016-10-31T12:15:52Z">
          <params>
            <param index="0">
              <value>
                <![CDATA[Name]]>
              </value>
            </param>
            <param index="1">
              <value>
                <![CDATA[Abc.example.com]]>
              </value>
            </param>
            <param index="2">
              <value>
                <![CDATA[Message]]>
              </value>
            </param>
            <param index="3">
              <value>
                <![CDATA[Please provide a valid email!]]>
              </value>
            </param>
          </params>
          <exception class="org.junit.ComparisonFailure">
            <message>
              <![CDATA[expected:<...rovide a valid email[!]> but was:<...rovide a valid email[]>]]>
            </message>
            <full-stacktrace>
              <![CDATA[org.junit.ComparisonFailure: expected:<...rovide a valid email[!]> but was:<...rovide a valid email[]>
	at org.junit.Assert.assertEquals(Assert.java:115)
	at org.junit.Assert.assertEquals(Assert.java:144)
	at assessment.EmailVerificationTest.EmailTest(EmailVerificationTest.java:67)
	at sun.reflect.NativeMethodAccessorImpl.invoke0(Native Method)
	at sun.reflect.NativeMethodAccessorImpl.invoke(Unknown Source)
	at sun.reflect.DelegatingMethodAccessorImpl.invoke(Unknown Source)
	at java.lang.reflect.Method.invoke(Unknown Source)
	at org.testng.internal.MethodInvocationHelper.invokeMethod(MethodInvocationHelper.java:100)
	at org.testng.internal.Invoker.invokeMethod(Invoker.java:646)
	at org.testng.internal.Invoker.invokeTestMethod(Invoker.java:811)
	at org.testng.internal.Invoker.invokeTestMethods(Invoker.java:1137)
	at org.testng.internal.TestMethodWorker.invokeTestMethods(TestMethodWorker.java:129)
	at org.testng.internal.TestMethodWorker.run(TestMethodWorker.java:112)
	at org.testng.TestRunner.privateRun(TestRunner.java:753)
	at org.testng.TestRunner.run(TestRunner.java:607)
	at org.testng.SuiteRunner.runTest(SuiteRunner.java:368)
	at org.testng.SuiteRunner.runSequentially(SuiteRunner.java:363)
	at org.testng.SuiteRunner.privateRun(SuiteRunner.java:321)
	at org.testng.SuiteRunner.run(SuiteRunner.java:270)
	at org.testng.SuiteRunnerWorker.runSuite(SuiteRunnerWorker.java:52)
	at org.testng.SuiteRunnerWorker.run(SuiteRunnerWorker.java:86)
	at org.testng.TestNG.runSuitesSequentially(TestNG.java:1284)
	at org.testng.TestNG.runSuitesLocally(TestNG.java:1209)
	at org.testng.TestNG.runSuites(TestNG.java:1124)
	at org.testng.TestNG.run(TestNG.java:1096)
	at org.testng.remote.AbstractRemoteTestNG.run(AbstractRemoteTestNG.java:132)
	at org.testng.remote.RemoteTestNG.initAndRun(RemoteTestNG.java:236)
	at org.testng.remote.RemoteTestNG.main(RemoteTestNG.java:81)
]]>
            </full-stacktrace>
          </exception> <!-- org.junit.ComparisonFailure -->
          <reporter-output>
          </reporter-output>
        </test-method> <!-- EmailTest -->
        <test-method status="PASS" signature="tearDown()[pri:0, instance:assessment.EmailVerificationTest@239963d8]" name="tearDown" is-config="true" duration-ms="1115" started-at="2016-10-31T12:15:52Z" finished-at="2016-10-31T12:15:53Z">
          <reporter-output>
          </reporter-output>
        </test-method> <!-- tearDown -->
        <test-method status="PASS" signature="setUp()[pri:0, instance:assessment.EmailVerificationTest@239963d8]" name="setUp" is-config="true" duration-ms="3185" started-at="2016-10-31T12:15:53Z" finished-at="2016-10-31T12:15:56Z">
          <reporter-output>
          </reporter-output>
        </test-method> <!-- setUp -->
        <test-method status="PASS" signature="EmailTest(java.lang.String, java.lang.String, java.lang.String, java.lang.String)[pri:0, instance:assessment.EmailVerificationTest@239963d8]" name="EmailTest" duration-ms="15641" started-at="2016-10-31T12:15:56Z" data-provider="EmailVerification" finished-at="2016-10-31T12:16:12Z">
          <params>
            <param index="0">
              <value>
                <![CDATA[Name]]>
              </value>
            </param>
            <param index="1">
              <value>
                <![CDATA[A@b@c@example.com]]>
              </value>
            </param>
            <param index="2">
              <value>
                <![CDATA[Message]]>
              </value>
            </param>
            <param index="3">
              <value>
                <![CDATA[Please provide a valid email]]>
              </value>
            </param>
          </params>
          <reporter-output>
          </reporter-output>
        </test-method> <!-- EmailTest -->
        <test-method status="PASS" signature="tearDown()[pri:0, instance:assessment.EmailVerificationTest@239963d8]" name="tearDown" is-config="true" duration-ms="999" started-at="2016-10-31T12:16:12Z" finished-at="2016-10-31T12:16:13Z">
          <reporter-output>
          </reporter-output>
        </test-method> <!-- tearDown -->
        <test-method status="FAIL" signature="setUp()[pri:0, instance:assessment.EmailVerificationTest@239963d8]" name="setUp" is-config="true" duration-ms="0" started-at="2016-10-31T12:16:13Z" finished-at="2016-10-31T12:16:13Z">
          <exception class="org.openqa.selenium.WebDriverException">
            <message>
              <![CDATA[unknown error: cannot get automation extension
from chrome not reachable
  (Session info: chrome=54.0.2840.71)
  (Driver info: chromedriver=2.25.426923 (0390b88869384d6eb0d5d09729679f934aab9eed),platform=Windows NT 10.0.10586 x86_64) (WARNING: The server did not provide any stacktrace information)
Command duration or timeout: 4.07 seconds
Build info: version: 'unknown', revision: '1969d75', time: '2016-10-18 09:43:45 -0700'
System info: host: 'Shahar-T440P', ip: '192.168.0.15', os.name: 'Windows 10', os.arch: 'amd64', os.version: '10.0', java.version: '1.8.0_111'
Driver info: org.openqa.selenium.chrome.ChromeDriver
Capabilities [{applicationCacheEnabled=false, rotatable=false, mobileEmulationEnabled=false, networkConnectionEnabled=false, chrome={chromedriverVersion=2.25.426923 (0390b88869384d6eb0d5d09729679f934aab9eed), userDataDir=C:\Users\SHAHAR~1.SHE\AppData\Local\Temp\scoped_dir4072_18912}, takesHeapSnapshot=true, pageLoadStrategy=normal, databaseEnabled=false, handlesAlerts=true, hasTouchScreen=false, version=54.0.2840.71, platform=XP, browserConnectionEnabled=false, nativeEvents=true, acceptSslCerts=true, locationContextEnabled=true, webStorageEnabled=true, browserName=chrome, takesScreenshot=true, javascriptEnabled=true, cssSelectorsEnabled=true}]
Session ID: 497e36abd727981203014784eaac03fd]]>
            </message>
            <full-stacktrace>
              <![CDATA[org.openqa.selenium.WebDriverException: unknown error: cannot get automation extension
from chrome not reachable
  (Session info: chrome=54.0.2840.71)
  (Driver info: chromedriver=2.25.426923 (0390b88869384d6eb0d5d09729679f934aab9eed),platform=Windows NT 10.0.10586 x86_64) (WARNING: The server did not provide any stacktrace information)
Command duration or timeout: 4.07 seconds
Build info: version: 'unknown', revision: '1969d75', time: '2016-10-18 09:43:45 -0700'
System info: host: 'Shahar-T440P', ip: '192.168.0.15', os.name: 'Windows 10', os.arch: 'amd64', os.version: '10.0', java.version: '1.8.0_111'
Driver info: org.openqa.selenium.chrome.ChromeDriver
Capabilities [{applicationCacheEnabled=false, rotatable=false, mobileEmulationEnabled=false, networkConnectionEnabled=false, chrome={chromedriverVersion=2.25.426923 (0390b88869384d6eb0d5d09729679f934aab9eed), userDataDir=C:\Users\SHAHAR~1.SHE\AppData\Local\Temp\scoped_dir4072_18912}, takesHeapSnapshot=true, pageLoadStrategy=normal, databaseEnabled=false, handlesAlerts=true, hasTouchScreen=false, version=54.0.2840.71, platform=XP, browserConnectionEnabled=false, nativeEvents=true, acceptSslCerts=true, locationContextEnabled=true, webStorageEnabled=true, browserName=chrome, takesScreenshot=true, javascriptEnabled=true, cssSelectorsEnabled=true}]
Session ID: 497e36abd727981203014784eaac03fd
	at sun.reflect.NativeConstructorAccessorImpl.newInstance0(Native Method)
	at sun.reflect.NativeConstructorAccessorImpl.newInstance(Unknown Source)
	at sun.reflect.DelegatingConstructorAccessorImpl.newInstance(Unknown Source)
	at java.lang.reflect.Constructor.newInstance(Unknown Source)
	at org.openqa.selenium.remote.ErrorHandler.createThrowable(ErrorHandler.java:216)
	at org.openqa.selenium.remote.ErrorHandler.throwIfResponseFailed(ErrorHandler.java:168)
	at org.openqa.selenium.remote.RemoteWebDriver.execute(RemoteWebDriver.java:635)
	at org.openqa.selenium.remote.RemoteWebDriver.execute(RemoteWebDriver.java:658)
	at org.openqa.selenium.remote.RemoteWebDriver$RemoteWebDriverOptions$RemoteWindow.maximize(RemoteWebDriver.java:882)
	at assessment.EmailVerificationTest.setUp(EmailVerificationTest.java:37)
	at sun.reflect.NativeMethodAccessorImpl.invoke0(Native Method)
	at sun.reflect.NativeMethodAccessorImpl.invoke(Unknown Source)
	at sun.reflect.DelegatingMethodAccessorImpl.invoke(Unknown Source)
	at java.lang.reflect.Method.invoke(Unknown Source)
	at org.testng.internal.MethodInvocationHelper.invokeMethod(MethodInvocationHelper.java:100)
	at org.testng.internal.Invoker.invokeConfigurationMethod(Invoker.java:515)
	at org.testng.internal.Invoker.invokeConfigurations(Invoker.java:216)
	at org.testng.internal.Invoker.invokeMethod(Invoker.java:590)
	at org.testng.internal.Invoker.invokeTestMethod(Invoker.java:811)
	at org.testng.internal.Invoker.invokeTestMethods(Invoker.java:1137)
	at org.testng.internal.TestMethodWorker.invokeTestMethods(TestMethodWorker.java:129)
	at org.testng.internal.TestMethodWorker.run(TestMethodWorker.java:112)
	at org.testng.TestRunner.privateRun(TestRunner.java:753)
	at org.testng.TestRunner.run(TestRunner.java:607)
	at org.testng.SuiteRunner.runTest(SuiteRunner.java:368)
	at org.testng.SuiteRunner.runSequentially(SuiteRunner.java:363)
	at org.testng.SuiteRunner.privateRun(SuiteRunner.java:321)
	at org.testng.SuiteRunner.run(SuiteRunner.java:270)
	at org.testng.SuiteRunnerWorker.runSuite(SuiteRunnerWorker.java:52)
	at org.testng.SuiteRunnerWorker.run(SuiteRunnerWorker.java:86)
	at org.testng.TestNG.runSuitesSequentially(TestNG.java:1284)
	at org.testng.TestNG.runSuitesLocally(TestNG.java:1209)
	at org.testng.TestNG.runSuites(TestNG.java:1124)
	at org.testng.TestNG.run(TestNG.java:1096)
	at org.testng.remote.AbstractRemoteTestNG.run(AbstractRemoteTestNG.java:132)
	at org.testng.remote.RemoteTestNG.initAndRun(RemoteTestNG.java:236)
	at org.testng.remote.RemoteTestNG.main(RemoteTestNG.java:81)
]]>
            </full-stacktrace>
          </exception> <!-- org.openqa.selenium.WebDriverException -->
          <reporter-output>
          </reporter-output>
        </test-method> <!-- setUp -->
        <test-method status="SKIP" signature="EmailTest(java.lang.String, java.lang.String, java.lang.String, java.lang.String)[pri:0, instance:assessment.EmailVerificationTest@239963d8]" name="EmailTest" duration-ms="2" started-at="2016-10-31T12:16:19Z" data-provider="EmailVerification" finished-at="2016-10-31T12:16:19Z">
          <params>
            <param index="0">
              <value>
                <![CDATA[Name]]>
              </value>
            </param>
            <param index="1">
              <value>
                <![CDATA[a"b(c)d,e:f;g<h>i[j\k]l@example.com]]>
              </value>
            </param>
            <param index="2">
              <value>
                <![CDATA[Message]]>
              </value>
            </param>
            <param index="3">
              <value>
                <![CDATA[Please provide a valid email]]>
              </value>
            </param>
          </params>
          <reporter-output>
          </reporter-output>
        </test-method> <!-- EmailTest -->
        <test-method status="SKIP" signature="tearDown()[pri:0, instance:assessment.EmailVerificationTest@239963d8]" name="tearDown" is-config="true" duration-ms="0" started-at="2016-10-31T12:16:19Z" finished-at="2016-10-31T12:16:19Z">
          <reporter-output>
          </reporter-output>
        </test-method> <!-- tearDown -->
        <test-method status="SKIP" signature="EmailTest(java.lang.String, java.lang.String, java.lang.String, java.lang.String)[pri:0, instance:assessment.EmailVerificationTest@239963d8]" name="EmailTest" duration-ms="1" started-at="2016-10-31T12:16:19Z" data-provider="EmailVerification" finished-at="2016-10-31T12:16:19Z">
          <params>
            <param index="0">
              <value>
                <![CDATA[Name]]>
              </value>
            </param>
            <param index="1">
              <value>
                <![CDATA[just"not"right@example.com]]>
              </value>
            </param>
            <param index="2">
              <value>
                <![CDATA[Message]]>
              </value>
            </param>
            <param index="3">
              <value>
                <![CDATA[Please provide a valid email]]>
              </value>
            </param>
          </params>
          <reporter-output>
          </reporter-output>
        </test-method> <!-- EmailTest -->
        <test-method status="SKIP" signature="setUp()[pri:0, instance:assessment.EmailVerificationTest@239963d8]" name="setUp" is-config="true" duration-ms="0" started-at="2016-10-31T12:16:19Z" finished-at="2016-10-31T12:16:19Z">
          <reporter-output>
          </reporter-output>
        </test-method> <!-- setUp -->
        <test-method status="SKIP" signature="tearDown()[pri:0, instance:assessment.EmailVerificationTest@239963d8]" name="tearDown" is-config="true" duration-ms="0" started-at="2016-10-31T12:16:19Z" finished-at="2016-10-31T12:16:19Z">
          <reporter-output>
          </reporter-output>
        </test-method> <!-- tearDown -->
        <test-method status="SKIP" signature="setUp()[pri:0, instance:assessment.EmailVerificationTest@239963d8]" name="setUp" is-config="true" duration-ms="0" started-at="2016-10-31T12:16:19Z" finished-at="2016-10-31T12:16:19Z">
          <reporter-output>
          </reporter-output>
        </test-method> <!-- setUp -->
        <test-method status="SKIP" signature="EmailTest(java.lang.String, java.lang.String, java.lang.String, java.lang.String)[pri:0, instance:assessment.EmailVerificationTest@239963d8]" name="EmailTest" duration-ms="0" started-at="2016-10-31T12:16:19Z" data-provider="EmailVerification" finished-at="2016-10-31T12:16:19Z">
          <params>
            <param index="0">
              <value>
                <![CDATA[Name]]>
              </value>
            </param>
            <param index="1">
              <value>
                <![CDATA[john..doe@example.com]]>
              </value>
            </param>
            <param index="2">
              <value>
                <![CDATA[Message]]>
              </value>
            </param>
            <param index="3">
              <value>
                <![CDATA[Please provide a valid email]]>
              </value>
            </param>
          </params>
          <reporter-output>
          </reporter-output>
        </test-method> <!-- EmailTest -->
        <test-method status="SKIP" signature="tearDown()[pri:0, instance:assessment.EmailVerificationTest@239963d8]" name="tearDown" is-config="true" duration-ms="0" started-at="2016-10-31T12:16:19Z" finished-at="2016-10-31T12:16:19Z">
          <reporter-output>
          </reporter-output>
        </test-method> <!-- tearDown -->
        <test-method status="SKIP" signature="setUp()[pri:0, instance:assessment.EmailVerificationTest@239963d8]" name="setUp" is-config="true" duration-ms="0" started-at="2016-10-31T12:16:19Z" finished-at="2016-10-31T12:16:19Z">
          <reporter-output>
          </reporter-output>
        </test-method> <!-- setUp -->
        <test-method status="SKIP" signature="EmailTest(java.lang.String, java.lang.String, java.lang.String, java.lang.String)[pri:0, instance:assessment.EmailVerificationTest@239963d8]" name="EmailTest" duration-ms="0" started-at="2016-10-31T12:16:19Z" data-provider="EmailVerification" finished-at="2016-10-31T12:16:19Z">
          <params>
            <param index="0">
              <value>
                <![CDATA[Name]]>
              </value>
            </param>
            <param index="1">
              <value>
                <![CDATA[john.doe@example..com]]>
              </value>
            </param>
            <param index="2">
              <value>
                <![CDATA[Message]]>
              </value>
            </param>
            <param index="3">
              <value>
                <![CDATA[Please provide a valid email]]>
              </value>
            </param>
          </params>
          <reporter-output>
          </reporter-output>
        </test-method> <!-- EmailTest -->
        <test-method status="SKIP" signature="tearDown()[pri:0, instance:assessment.EmailVerificationTest@239963d8]" name="tearDown" is-config="true" duration-ms="0" started-at="2016-10-31T12:16:19Z" finished-at="2016-10-31T12:16:19Z">
          <reporter-output>
          </reporter-output>
        </test-method> <!-- tearDown -->
      </class> <!-- assessment.EmailVerificationTest -->
    </test> <!-- Default test -->
  </suite> <!-- Default suite -->
</testng-results>
